This file contains any messages produced by compilers while
running configure, to aid debugging if configure makes a mistake.

It was created by demagoque configure 0.01r32, which was
generated by GNU Autoconf 2.67.  Invocation command line was

  $ ./configure 

## --------- ##
## Platform. ##
## --------- ##

hostname = friday
uname -m = x86_64
uname -r = 2.6.38-11-generic
uname -s = Linux
uname -v = #48-Ubuntu SMP Fri Jul 29 19:02:55 UTC 2011

/usr/bin/uname -p = unknown
/bin/uname -X     = unknown

/bin/arch              = unknown
/usr/bin/arch -k       = unknown
/usr/convex/getsysinfo = unknown
/usr/bin/hostinfo      = unknown
/bin/machine           = unknown
/usr/bin/oslevel       = unknown
/bin/universe          = unknown

PATH: /home/bob/bin
PATH: /usr/local/sbin
PATH: /usr/local/bin
PATH: /usr/sbin
PATH: /usr/bin
PATH: /sbin
PATH: /bin
PATH: /usr/games
PATH: /home/bob/bin
PATH: /home/bob/usr/local/bin


## ----------- ##
## Core tests. ##
## ----------- ##

configure:1846: checking for a BSD-compatible install
configure:1914: result: /usr/bin/install -c
configure:1925: checking whether build environment is sane
configure:1975: result: yes
configure:2003: WARNING: `missing' script is too old or missing
configure:2116: checking for a thread-safe mkdir -p
configure:2155: result: /bin/mkdir -p
configure:2168: checking for gawk
configure:2184: found /usr/bin/gawk
configure:2195: result: gawk
configure:2206: checking whether make sets $(MAKE)
configure:2228: result: yes
configure:2361: checking for gfortran
configure:2377: found /usr/bin/gfortran
configure:2388: result: gfortran
configure:2414: checking for Fortran compiler version
configure:2423: gfortran --version >&5
GNU Fortran (Ubuntu/Linaro 4.5.2-8ubuntu4) 4.5.2
Copyright (C) 2010 Free Software Foundation, Inc.

GNU Fortran comes with NO WARRANTY, to the extent permitted by law.
You may redistribute copies of GNU Fortran
under the terms of the GNU General Public License.
For more information about these matters, see the file named COPYING

configure:2434: $? = 0
configure:2423: gfortran -v >&5
Using built-in specs.
COLLECT_GCC=gfortran
COLLECT_LTO_WRAPPER=/usr/lib/x86_64-linux-gnu/gcc/x86_64-linux-gnu/4.5.2/lto-wrapper
Target: x86_64-linux-gnu
Configured with: ../src/configure -v --with-pkgversion='Ubuntu/Linaro 4.5.2-8ubuntu4' --with-bugurl=file:///usr/share/doc/gcc-4.5/README.Bugs --enable-languages=c,c++,fortran,objc,obj-c++ --prefix=/usr --program-suffix=-4.5 --enable-shared --enable-multiarch --with-multiarch-defaults=x86_64-linux-gnu --enable-linker-build-id --with-system-zlib --libexecdir=/usr/lib/x86_64-linux-gnu --without-included-gettext --enable-threads=posix --with-gxx-include-dir=/usr/include/c++/4.5 --libdir=/usr/lib/x86_64-linux-gnu --enable-nls --with-sysroot=/ --enable-clocale=gnu --enable-libstdcxx-debug --enable-libstdcxx-time=yes --enable-plugin --enable-gold --enable-ld=default --with-plugin-ld=ld.gold --enable-objc-gc --disable-werror --with-arch-32=i686 --with-tune=generic --enable-checking=release --build=x86_64-linux-gnu --host=x86_64-linux-gnu --target=x86_64-linux-gnu
Thread model: posix
gcc version 4.5.2 (Ubuntu/Linaro 4.5.2-8ubuntu4) 
configure:2434: $? = 0
configure:2423: gfortran -V >&5
gfortran: '-V' option must have argument
configure:2434: $? = 1
configure:2423: gfortran -qversion >&5
gfortran: unrecognized option '-qversion'
gfortran: no input files
configure:2434: $? = 1
configure:2449: checking whether the Fortran compiler works
configure:2471: gfortran    conftest.f  >&5
configure:2475: $? = 0
configure:2523: result: yes
configure:2526: checking for Fortran compiler default output file name
configure:2528: result: a.out
configure:2534: checking for suffix of executables
configure:2541: gfortran -o conftest    conftest.f  >&5
configure:2545: $? = 0
configure:2567: result: 
configure:2583: checking whether we are cross compiling
configure:2591: gfortran -o conftest    conftest.f  >&5
configure:2595: $? = 0
configure:2602: ./conftest
configure:2606: $? = 0
configure:2621: result: no
configure:2626: checking for suffix of object files
configure:2642: gfortran -c   conftest.f >&5
configure:2646: $? = 0
configure:2667: result: o
configure:2675: checking whether we are using the GNU Fortran compiler
configure:2688: gfortran -c   conftest.F >&5
configure:2688: $? = 0
configure:2697: result: yes
configure:2703: checking whether gfortran accepts -g
configure:2714: gfortran -c -g  conftest.f >&5
configure:2714: $? = 0
configure:2722: result: yes
configure:2799: checking for g77
configure:2829: result: no
configure:2799: checking for xlf
configure:2829: result: no
configure:2799: checking for f77
configure:2829: result: no
configure:2799: checking for frt
configure:2829: result: no
configure:2799: checking for pgf77
configure:2829: result: no
configure:2799: checking for cf77
configure:2829: result: no
configure:2799: checking for fort77
configure:2829: result: no
configure:2799: checking for fl32
configure:2829: result: no
configure:2799: checking for af77
configure:2829: result: no
configure:2799: checking for xlf90
configure:2829: result: no
configure:2799: checking for f90
configure:2829: result: no
configure:2799: checking for pgf90
configure:2829: result: no
configure:2799: checking for pghpf
configure:2829: result: no
configure:2799: checking for epcf90
configure:2829: result: no
configure:2799: checking for gfortran
configure:2815: found /usr/bin/gfortran
configure:2826: result: gfortran
configure:2852: checking for Fortran 77 compiler version
configure:2861: gfortran --version >&5
GNU Fortran (Ubuntu/Linaro 4.5.2-8ubuntu4) 4.5.2
Copyright (C) 2010 Free Software Foundation, Inc.

GNU Fortran comes with NO WARRANTY, to the extent permitted by law.
You may redistribute copies of GNU Fortran
under the terms of the GNU General Public License.
For more information about these matters, see the file named COPYING

configure:2872: $? = 0
configure:2861: gfortran -v >&5
Using built-in specs.
COLLECT_GCC=gfortran
COLLECT_LTO_WRAPPER=/usr/lib/x86_64-linux-gnu/gcc/x86_64-linux-gnu/4.5.2/lto-wrapper
Target: x86_64-linux-gnu
Configured with: ../src/configure -v --with-pkgversion='Ubuntu/Linaro 4.5.2-8ubuntu4' --with-bugurl=file:///usr/share/doc/gcc-4.5/README.Bugs --enable-languages=c,c++,fortran,objc,obj-c++ --prefix=/usr --program-suffix=-4.5 --enable-shared --enable-multiarch --with-multiarch-defaults=x86_64-linux-gnu --enable-linker-build-id --with-system-zlib --libexecdir=/usr/lib/x86_64-linux-gnu --without-included-gettext --enable-threads=posix --with-gxx-include-dir=/usr/include/c++/4.5 --libdir=/usr/lib/x86_64-linux-gnu --enable-nls --with-sysroot=/ --enable-clocale=gnu --enable-libstdcxx-debug --enable-libstdcxx-time=yes --enable-plugin --enable-gold --enable-ld=default --with-plugin-ld=ld.gold --enable-objc-gc --disable-werror --with-arch-32=i686 --with-tune=generic --enable-checking=release --build=x86_64-linux-gnu --host=x86_64-linux-gnu --target=x86_64-linux-gnu
Thread model: posix
gcc version 4.5.2 (Ubuntu/Linaro 4.5.2-8ubuntu4) 
configure:2872: $? = 0
configure:2861: gfortran -V >&5
gfortran: '-V' option must have argument
configure:2872: $? = 1
configure:2861: gfortran -qversion >&5
gfortran: unrecognized option '-qversion'
gfortran: no input files
configure:2872: $? = 1
configure:2881: checking whether we are using the GNU Fortran 77 compiler
configure:2894: gfortran -c  conftest.F >&5
configure:2894: $? = 0
configure:2903: result: yes
configure:2909: checking whether gfortran accepts -g
configure:2920: gfortran -c -g conftest.f >&5
configure:2920: $? = 0
configure:2928: result: yes
configure:2973: checking for Fortran flag to compile .f90 files
configure:2989: gfortran -c -g  conftest.f90 >&5
configure:2989: $? = 0
configure:2998: result: none
configure:3019: checking for dfftw_execute in -lfftw3
configure:3031: gfortran -o conftest -g   conftest.f90 -lfftw3   >&5
configure:3031: $? = 0
configure:3040: result: yes
configure:3053: checking for zgeev in -llapack
configure:3065: gfortran -o conftest -g   conftest.f90 -llapack  -lfftw3  >&5
configure:3065: $? = 0
configure:3074: result: yes
configure:3237: creating ./config.status

## ---------------------- ##
## Running config.status. ##
## ---------------------- ##

This file was extended by demagoque config.status 0.01r32, which was
generated by GNU Autoconf 2.67.  Invocation command line was

  CONFIG_FILES    = 
  CONFIG_HEADERS  = 
  CONFIG_LINKS    = 
  CONFIG_COMMANDS = 
  $ ./config.status 

on friday

config.status:762: creating Makefile
config.status:762: creating src/Makefile

## ---------------- ##
## Cache variables. ##
## ---------------- ##

ac_cv_env_F77_set=
ac_cv_env_F77_value=
ac_cv_env_FCFLAGS_set=
ac_cv_env_FCFLAGS_value=
ac_cv_env_FC_set=
ac_cv_env_FC_value=
ac_cv_env_FFLAGS_set=
ac_cv_env_FFLAGS_value=
ac_cv_env_LDFLAGS_set=
ac_cv_env_LDFLAGS_value=
ac_cv_env_LIBS_set=
ac_cv_env_LIBS_value=
ac_cv_env_build_alias_set=
ac_cv_env_build_alias_value=
ac_cv_env_host_alias_set=
ac_cv_env_host_alias_value=
ac_cv_env_target_alias_set=
ac_cv_env_target_alias_value=
ac_cv_f77_compiler_gnu=yes
ac_cv_fc_compiler_gnu=yes
ac_cv_fc_srcext_f90=none
ac_cv_lib_fftw3_dfftw_execute=yes
ac_cv_lib_lapack_zgeev=yes
ac_cv_objext=o
ac_cv_path_install='/usr/bin/install -c'
ac_cv_path_mkdir=/bin/mkdir
ac_cv_prog_AWK=gawk
ac_cv_prog_ac_ct_F77=gfortran
ac_cv_prog_ac_ct_FC=gfortran
ac_cv_prog_f77_g=yes
ac_cv_prog_fc_g=yes
ac_cv_prog_make_make_set=yes

## ----------------- ##
## Output variables. ##
## ----------------- ##

ACLOCAL='aclocal-1.11'
AMTAR='tar'
AUTOCONF='autoconf'
AUTOHEADER='autoheader'
AUTOMAKE='automake-1.11'
AWK='gawk'
CYGPATH_W='echo'
DEFS='-DPACKAGE_NAME=\"demagoque\" -DPACKAGE_TARNAME=\"demagoque\" -DPACKAGE_VERSION=\"0.01r32\" -DPACKAGE_STRING=\"demagoque\ 0.01r32\" -DPACKAGE_BUGREPORT=\"barker@nscl.msu.edu\" -DPACKAGE_URL=\"https://launchpad.net/demagoque\" -DPACKAGE=\"demagoque\" -DVERSION=\"0.01r32\" -DHAVE_LIBFFTW3=1 -DHAVE_LIBLAPACK=1'
ECHO_C=''
ECHO_N='-n'
ECHO_T=''
EXEEXT=''
F77='gfortran'
FC='gfortran'
FCFLAGS='-g'
FCFLAGS_f90=''
FFLAGS='-g -O2'
INSTALL_DATA='${INSTALL} -m 644'
INSTALL_PROGRAM='${INSTALL}'
INSTALL_SCRIPT='${INSTALL}'
INSTALL_STRIP_PROGRAM='$(install_sh) -c -s'
LDFLAGS=''
LIBOBJS=''
LIBS='-llapack -lfftw3 '
LTLIBOBJS=''
MAKEINFO='makeinfo'
MKDIR_P='/bin/mkdir -p'
OBJEXT='o'
PACKAGE='demagoque'
PACKAGE_BUGREPORT='barker@nscl.msu.edu'
PACKAGE_NAME='demagoque'
PACKAGE_STRING='demagoque 0.01r32'
PACKAGE_TARNAME='demagoque'
PACKAGE_URL='https://launchpad.net/demagoque'
PACKAGE_VERSION='0.01r32'
PATH_SEPARATOR=':'
SET_MAKE=''
SHELL='/bin/bash'
STRIP=''
VERSION='0.01r32'
ac_ct_F77='gfortran'
ac_ct_FC='gfortran'
am__EXEEXT_FALSE=''
am__EXEEXT_TRUE='#'
am__isrc=''
am__leading_dot='.'
am__tar='${AMTAR} chof - "$$tardir"'
am__untar='${AMTAR} xf -'
bindir='${exec_prefix}/bin'
build_alias=''
datadir='${datarootdir}'
datarootdir='${prefix}/share'
docdir='${datarootdir}/doc/${PACKAGE_TARNAME}'
dvidir='${docdir}'
exec_prefix='${prefix}'
host_alias=''
htmldir='${docdir}'
includedir='${prefix}/include'
infodir='${datarootdir}/info'
install_sh='${SHELL} /home/bob/install-sh'
libdir='${exec_prefix}/lib'
libexecdir='${exec_prefix}/libexec'
localedir='${datarootdir}/locale'
localstatedir='${prefix}/var'
mandir='${datarootdir}/man'
mkdir_p='/bin/mkdir -p'
oldincludedir='/usr/include'
pdfdir='${docdir}'
prefix='/usr/local'
program_transform_name='s,x,x,'
psdir='${docdir}'
sbindir='${exec_prefix}/sbin'
sharedstatedir='${prefix}/com'
sysconfdir='${prefix}/etc'
target_alias=''

## ----------- ##
## confdefs.h. ##
## ----------- ##

/* confdefs.h */
#define PACKAGE_NAME "demagoque"
#define PACKAGE_TARNAME "demagoque"
#define PACKAGE_VERSION "0.01r32"
#define PACKAGE_STRING "demagoque 0.01r32"
#define PACKAGE_BUGREPORT "barker@nscl.msu.edu"
#define PACKAGE_URL "https://launchpad.net/demagoque"
#define PACKAGE "demagoque"
#define VERSION "0.01r32"
#define HAVE_LIBFFTW3 1
#define HAVE_LIBLAPACK 1

configure: exit 0
