\BOOKMARK [0][-]{chapter.1}{\376\377\000M\000o\000d\000u\000l\000e\000s\000\040\000I\000n\000d\000e\000x}{}
\BOOKMARK [1][-]{section.1.1}{\376\377\000M\000o\000d\000u\000l\000e\000s\000\040\000L\000i\000s\000t}{chapter.1}
\BOOKMARK [0][-]{chapter.2}{\376\377\000D\000a\000t\000a\000\040\000T\000y\000p\000e\000\040\000I\000n\000d\000e\000x}{}
\BOOKMARK [1][-]{section.2.1}{\376\377\000C\000l\000a\000s\000s\000\040\000L\000i\000s\000t}{chapter.2}
\BOOKMARK [0][-]{chapter.3}{\376\377\000F\000i\000l\000e\000\040\000I\000n\000d\000e\000x}{}
\BOOKMARK [1][-]{section.3.1}{\376\377\000F\000i\000l\000e\000\040\000L\000i\000s\000t}{chapter.3}
\BOOKMARK [0][-]{chapter.4}{\376\377\000M\000o\000d\000u\000l\000e\000\040\000D\000o\000c\000u\000m\000e\000n\000t\000a\000t\000i\000o\000n}{}
\BOOKMARK [1][-]{section.4.1}{\376\377\000b\000m\000a\000t\000h\000\040\000M\000o\000d\000u\000l\000e\000\040\000R\000e\000f\000e\000r\000e\000n\000c\000e}{chapter.4}
\BOOKMARK [2][-]{subsection.4.1.1}{\376\377\000F\000u\000n\000c\000t\000i\000o\000n\000/\000S\000u\000b\000r\000o\000u\000t\000i\000n\000e\000\040\000D\000o\000c\000u\000m\000e\000n\000t\000a\000t\000i\000o\000n}{section.4.1}
\BOOKMARK [3][-]{subsubsection.4.1.1.1}{\376\377\000i\000s\000O\000d\000d}{subsection.4.1.1}
\BOOKMARK [3][-]{subsubsection.4.1.1.2}{\376\377\000z\000d\000e\000t\0002\000d}{subsection.4.1.1}
\BOOKMARK [3][-]{subsubsection.4.1.1.3}{\376\377\000z\000G\000a\000u\000s\000s}{subsection.4.1.1}
\BOOKMARK [3][-]{subsubsection.4.1.1.4}{\376\377\000z\000l\000i\000n\000\137\000i\000n\000t}{subsection.4.1.1}
\BOOKMARK [1][-]{section.4.2}{\376\377\000b\000s\000t\000r\000i\000n\000g\000\040\000M\000o\000d\000u\000l\000e\000\040\000R\000e\000f\000e\000r\000e\000n\000c\000e}{chapter.4}
\BOOKMARK [2][-]{subsection.4.2.1}{\376\377\000F\000u\000n\000c\000t\000i\000o\000n\000/\000S\000u\000b\000r\000o\000u\000t\000i\000n\000e\000\040\000D\000o\000c\000u\000m\000e\000n\000t\000a\000t\000i\000o\000n}{section.4.2}
\BOOKMARK [3][-]{subsubsection.4.2.1.1}{\376\377\000f\000i\000n\000d\000F\000i\000r\000s\000t\000W\000o\000r\000d}{subsection.4.2.1}
\BOOKMARK [3][-]{subsubsection.4.2.1.2}{\376\377\000g\000e\000t\000F\000i\000r\000s\000t\000N\000o\000n\000B\000l\000a\000n\000k\000C\000h\000a\000r}{subsection.4.2.1}
\BOOKMARK [3][-]{subsubsection.4.2.1.3}{\376\377\000i\000s\000C\000o\000m\000m\000e\000n\000t}{subsection.4.2.1}
\BOOKMARK [1][-]{section.4.3}{\376\377\000c\000l\000a\000s\000s\000\137\000A\000r\000r\000a\000y\000L\000i\000s\000t\000\040\000M\000o\000d\000u\000l\000e\000\040\000R\000e\000f\000e\000r\000e\000n\000c\000e}{chapter.4}
\BOOKMARK [2][-]{subsection.4.3.1}{\376\377\000F\000u\000n\000c\000t\000i\000o\000n\000/\000S\000u\000b\000r\000o\000u\000t\000i\000n\000e\000\040\000D\000o\000c\000u\000m\000e\000n\000t\000a\000t\000i\000o\000n}{section.4.3}
\BOOKMARK [3][-]{subsubsection.4.3.1.1}{\376\377\000d\000A\000r\000r\000a\000y\000L\000i\000s\000t\000\137\000a\000d\000d}{subsection.4.3.1}
\BOOKMARK [3][-]{subsubsection.4.3.1.2}{\376\377\000d\000A\000r\000r\000a\000y\000L\000i\000s\000t\000\137\000e\000n\000s\000u\000r\000e\000C\000a\000p\000a\000c\000i\000t\000y}{subsection.4.3.1}
\BOOKMARK [3][-]{subsubsection.4.3.1.3}{\376\377\000d\000A\000r\000r\000a\000y\000L\000i\000s\000t\000\137\000g\000e\000t}{subsection.4.3.1}
\BOOKMARK [3][-]{subsubsection.4.3.1.4}{\376\377\000d\000A\000r\000r\000a\000y\000L\000i\000s\000t\000\137\000s\000e\000t}{subsection.4.3.1}
\BOOKMARK [3][-]{subsubsection.4.3.1.5}{\376\377\000d\000A\000r\000r\000a\000y\000L\000i\000s\000t\000\137\000s\000i\000z\000e}{subsection.4.3.1}
\BOOKMARK [3][-]{subsubsection.4.3.1.6}{\376\377\000m\000a\000k\000e\000\137\000d\000A\000r\000r\000a\000y\000L\000i\000s\000t}{subsection.4.3.1}
\BOOKMARK [2][-]{subsection.4.3.2}{\376\377\000V\000a\000r\000i\000a\000b\000l\000e\000\040\000D\000o\000c\000u\000m\000e\000n\000t\000a\000t\000i\000o\000n}{section.4.3}
\BOOKMARK [3][-]{subsubsection.4.3.2.1}{\376\377\000I\000N\000I\000T\000I\000A\000L\000\137\000L\000E\000N\000G\000T\000H}{subsection.4.3.2}
\BOOKMARK [1][-]{section.4.4}{\376\377\000c\000o\000n\000s\000\137\000l\000a\000w\000s\000\040\000M\000o\000d\000u\000l\000e\000\040\000R\000e\000f\000e\000r\000e\000n\000c\000e}{chapter.4}
\BOOKMARK [2][-]{subsection.4.4.1}{\376\377\000V\000a\000r\000i\000a\000b\000l\000e\000\040\000D\000o\000c\000u\000m\000e\000n\000t\000a\000t\000i\000o\000n}{section.4.4}
\BOOKMARK [3][-]{subsubsection.4.4.1.1}{\376\377\000e\000k\0000}{subsection.4.4.1}
\BOOKMARK [3][-]{subsubsection.4.4.1.2}{\376\377\000e\000k\0000\000e\000r\000r}{subsection.4.4.1}
\BOOKMARK [3][-]{subsubsection.4.4.1.3}{\376\377\000e\000k\000e\000r\000r}{subsection.4.4.1}
\BOOKMARK [3][-]{subsubsection.4.4.1.4}{\376\377\000e\000k\000i\000n}{subsection.4.4.1}
\BOOKMARK [3][-]{subsubsection.4.4.1.5}{\376\377\000e\000p\0000}{subsection.4.4.1}
\BOOKMARK [3][-]{subsubsection.4.4.1.6}{\376\377\000e\000p\0000\000e\000r\000r}{subsection.4.4.1}
\BOOKMARK [3][-]{subsubsection.4.4.1.7}{\376\377\000e\000p\000e\000r\000r}{subsection.4.4.1}
\BOOKMARK [3][-]{subsubsection.4.4.1.8}{\376\377\000e\000p\000o\000t}{subsection.4.4.1}
\BOOKMARK [3][-]{subsubsection.4.4.1.9}{\376\377\000n\000n\000u\000m}{subsection.4.4.1}
\BOOKMARK [3][-]{subsubsection.4.4.1.10}{\376\377\000p\000o\000t\000x}{subsection.4.4.1}
\BOOKMARK [1][-]{section.4.5}{\376\377\000f\000o\000r\000m\000a\000t\000\040\000M\000o\000d\000u\000l\000e\000\040\000R\000e\000f\000e\000r\000e\000n\000c\000e}{chapter.4}
\BOOKMARK [2][-]{subsection.4.5.1}{\376\377\000V\000a\000r\000i\000a\000b\000l\000e\000\040\000D\000o\000c\000u\000m\000e\000n\000t\000a\000t\000i\000o\000n}{section.4.5}
\BOOKMARK [3][-]{subsubsection.4.5.1.1}{\376\377\000d\000u\000m\000m\000y}{subsection.4.5.1}
\BOOKMARK [1][-]{section.4.6}{\376\377\000f\000o\000r\000m\000a\000t\000t\000i\000n\000g\000\040\000M\000o\000d\000u\000l\000e\000\040\000R\000e\000f\000e\000r\000e\000n\000c\000e}{chapter.4}
\BOOKMARK [2][-]{subsection.4.6.1}{\376\377\000V\000a\000r\000i\000a\000b\000l\000e\000\040\000D\000o\000c\000u\000m\000e\000n\000t\000a\000t\000i\000o\000n}{section.4.6}
\BOOKMARK [3][-]{subsubsection.4.6.1.1}{\376\377\000f\000r\0005}{subsection.4.6.1}
\BOOKMARK [1][-]{section.4.7}{\376\377\000i\000n\000p\000u\000t\000\137\000p\000a\000r\000a\000m\000e\000t\000e\000r\000s\000\040\000M\000o\000d\000u\000l\000e\000\040\000R\000e\000f\000e\000r\000e\000n\000c\000e}{chapter.4}
\BOOKMARK [2][-]{subsection.4.7.1}{\376\377\000V\000a\000r\000i\000a\000b\000l\000e\000\040\000D\000o\000c\000u\000m\000e\000n\000t\000a\000t\000i\000o\000n}{section.4.7}
\BOOKMARK [3][-]{subsubsection.4.7.1.1}{\376\377\000c\000u\000t\000o\000f\000f\000\137\000d\0000}{subsection.4.7.1}
\BOOKMARK [3][-]{subsubsection.4.7.1.2}{\376\377\000c\000u\000t\000o\000f\000f\000\137\000w\0000}{subsection.4.7.1}
\BOOKMARK [3][-]{subsubsection.4.7.1.3}{\376\377\000c\000u\000t\000o\000f\000f\000\137\000x\0000}{subsection.4.7.1}
\BOOKMARK [3][-]{subsubsection.4.7.1.4}{\376\377\000d\000e\000l\000t}{subsection.4.7.1}
\BOOKMARK [3][-]{subsubsection.4.7.1.5}{\376\377\000e\000a}{subsection.4.7.1}
\BOOKMARK [3][-]{subsubsection.4.7.1.6}{\376\377\000i\000a\000d\000i\000b}{subsection.4.7.1}
\BOOKMARK [3][-]{subsubsection.4.7.1.7}{\376\377\000i\000n\000i\000t\000i\000a\000l\000S\000e\000p\000a\000r\000a\000t\000i\000o\000n}{subsection.4.7.1}
\BOOKMARK [3][-]{subsubsection.4.7.1.8}{\376\377\000i\000n\000i\000t\000S\000t\000a\000t\000e\000\137\000c\000o\000s\000i\000n\000e}{subsection.4.7.1}
\BOOKMARK [3][-]{subsubsection.4.7.1.9}{\376\377\000i\000n\000i\000t\000S\000t\000a\000t\000e\000\137\000c\000o\000s\000i\000n\000e\000\137\000n\000o\000r\000m}{subsection.4.7.1}
\BOOKMARK [3][-]{subsubsection.4.7.1.10}{\376\377\000i\000n\000i\000t\000S\000t\000a\000t\000e\000\137\000c\000o\000s\000i\000n\000e\000\137\000n\000u\000m\000b\000e\000r}{subsection.4.7.1}
\BOOKMARK [3][-]{subsubsection.4.7.1.11}{\376\377\000i\000n\000i\000t\000S\000t\000a\000t\000e\000\137\000c\000o\000s\000i\000n\000e\000\137\000s\000h\000i\000f\000t}{subsection.4.7.1}
\BOOKMARK [3][-]{subsubsection.4.7.1.12}{\376\377\000i\000n\000i\000t\000S\000t\000a\000t\000e\000\137\000g\000a\000u\000s\000s\000i\000a\000n\000N\000u\000c\000l\000e\000a\000r}{subsection.4.7.1}
\BOOKMARK [3][-]{subsubsection.4.7.1.13}{\376\377\000i\000n\000i\000t\000S\000t\000a\000t\000e\000\137\000k\000d\000e\000l\000t\000a}{subsection.4.7.1}
\BOOKMARK [3][-]{subsubsection.4.7.1.14}{\376\377\000i\000n\000i\000t\000S\000t\000a\000t\000e\000\137\000k\000d\000e\000l\000t\000a\000\137\000n\000o\000r\000m}{subsection.4.7.1}
\BOOKMARK [3][-]{subsubsection.4.7.1.15}{\376\377\000i\000n\000i\000t\000S\000t\000a\000t\000e\000\137\000k\000d\000e\000l\000t\000a\000\137\000x\0000}{subsection.4.7.1}
\BOOKMARK [3][-]{subsubsection.4.7.1.16}{\376\377\000i\000n\000i\000t\000S\000t\000a\000t\000e\000\137\000p\000l\000a\000n\000e}{subsection.4.7.1}
\BOOKMARK [3][-]{subsubsection.4.7.1.17}{\376\377\000i\000n\000i\000t\000S\000t\000a\000t\000e\000\137\000p\000l\000a\000n\000e\000\137\000n\000o\000r\000m}{subsection.4.7.1}
\BOOKMARK [3][-]{subsubsection.4.7.1.18}{\376\377\000i\000n\000i\000t\000S\000t\000a\000t\000e\000\137\000p\000l\000a\000n\000e\000\137\000n\000u\000m\000b\000e\000r}{subsection.4.7.1}
\BOOKMARK [3][-]{subsubsection.4.7.1.19}{\376\377\000i\000n\000i\000t\000S\000t\000a\000t\000e\000\137\000p\000l\000a\000n\000e\000\137\000s\000h\000i\000f\000t}{subsection.4.7.1}
\BOOKMARK [3][-]{subsubsection.4.7.1.20}{\376\377\000N\000a\000d}{subsection.4.7.1}
\BOOKMARK [3][-]{subsubsection.4.7.1.21}{\376\377\000N\000e\000v\000t}{subsection.4.7.1}
\BOOKMARK [3][-]{subsubsection.4.7.1.22}{\376\377\000N\000i\000m\000e\000v}{subsection.4.7.1}
\BOOKMARK [3][-]{subsubsection.4.7.1.23}{\376\377\000N\000m\000a\000x}{subsection.4.7.1}
\BOOKMARK [3][-]{subsubsection.4.7.1.24}{\376\377\000n\000t\000i\000m\000e}{subsection.4.7.1}
\BOOKMARK [3][-]{subsubsection.4.7.1.25}{\376\377\000p\000o\000t\000F\000i\000n\000a\000l}{subsection.4.7.1}
\BOOKMARK [3][-]{subsubsection.4.7.1.26}{\376\377\000p\000o\000t\000I\000n\000i\000t\000i\000a\000l}{subsection.4.7.1}
\BOOKMARK [3][-]{subsubsection.4.7.1.27}{\376\377\000s\000p\000l\000i\000t\000O\000p\000e\000r\000a\000t\000o\000r\000M\000e\000t\000h\000o\000d}{subsection.4.7.1}
\BOOKMARK [3][-]{subsubsection.4.7.1.28}{\376\377\000t\000a\000d}{subsection.4.7.1}
\BOOKMARK [3][-]{subsubsection.4.7.1.29}{\376\377\000u\000s\000e\000A\000d\000i\000a\000b\000a\000t\000i\000c}{subsection.4.7.1}
\BOOKMARK [3][-]{subsubsection.4.7.1.30}{\376\377\000u\000s\000e\000F\000l\000i\000p\000C\000l\000o\000n\000e}{subsection.4.7.1}
\BOOKMARK [3][-]{subsubsection.4.7.1.31}{\376\377\000u\000s\000e\000I\000m\000C\000u\000t\000o\000f\000f}{subsection.4.7.1}
\BOOKMARK [3][-]{subsubsection.4.7.1.32}{\376\377\000u\000s\000e\000I\000m\000E\000v\000o\000l}{subsection.4.7.1}
\BOOKMARK [3][-]{subsubsection.4.7.1.33}{\376\377\000w}{subsection.4.7.1}
\BOOKMARK [3][-]{subsubsection.4.7.1.34}{\376\377\000w\000h\000m}{subsection.4.7.1}
\BOOKMARK [3][-]{subsubsection.4.7.1.35}{\376\377\000w\000t\000a\000d}{subsection.4.7.1}
\BOOKMARK [1][-]{section.4.8}{\376\377\000l\000i\000b\000\137\000f\000f\000t\000p\000a\000c\000k\000\040\000M\000o\000d\000u\000l\000e\000\040\000R\000e\000f\000e\000r\000e\000n\000c\000e}{chapter.4}
\BOOKMARK [2][-]{subsection.4.8.1}{\376\377\000F\000u\000n\000c\000t\000i\000o\000n\000/\000S\000u\000b\000r\000o\000u\000t\000i\000n\000e\000\040\000D\000o\000c\000u\000m\000e\000n\000t\000a\000t\000i\000o\000n}{section.4.8}
\BOOKMARK [3][-]{subsubsection.4.8.1.1}{\376\377\000F\000F\000T\0001}{subsection.4.8.1}
\BOOKMARK [3][-]{subsubsection.4.8.1.2}{\376\377\000F\000F\000T\0002\000C}{subsection.4.8.1}
\BOOKMARK [3][-]{subsubsection.4.8.1.3}{\376\377\000f\000f\000t\000\137\000i\000n\000i\000t\000i\000a\000l}{subsection.4.8.1}
\BOOKMARK [3][-]{subsubsection.4.8.1.4}{\376\377\000F\000T}{subsection.4.8.1}
\BOOKMARK [3][-]{subsubsection.4.8.1.5}{\376\377\000I\000F\000T}{subsection.4.8.1}
\BOOKMARK [2][-]{subsection.4.8.2}{\376\377\000V\000a\000r\000i\000a\000b\000l\000e\000\040\000D\000o\000c\000u\000m\000e\000n\000t\000a\000t\000i\000o\000n}{section.4.8}
\BOOKMARK [3][-]{subsubsection.4.8.2.1}{\376\377\000l\000e\000n\000s\000a\000v}{subsection.4.8.2}
\BOOKMARK [3][-]{subsubsection.4.8.2.2}{\376\377\000l\000e\000n\000w\000r\000k}{subsection.4.8.2}
\BOOKMARK [3][-]{subsubsection.4.8.2.3}{\376\377\000w\000o\000r\000k}{subsection.4.8.2}
\BOOKMARK [3][-]{subsubsection.4.8.2.4}{\376\377\000w\000s\000a\000v\000e\000c}{subsection.4.8.2}
\BOOKMARK [3][-]{subsubsection.4.8.2.5}{\376\377\000w\000s\000a\000v\000e\000s}{subsection.4.8.2}
\BOOKMARK [1][-]{section.4.9}{\376\377\000l\000i\000b\000\137\000f\000f\000t\000w\000\040\000M\000o\000d\000u\000l\000e\000\040\000R\000e\000f\000e\000r\000e\000n\000c\000e}{chapter.4}
\BOOKMARK [2][-]{subsection.4.9.1}{\376\377\000F\000u\000n\000c\000t\000i\000o\000n\000/\000S\000u\000b\000r\000o\000u\000t\000i\000n\000e\000\040\000D\000o\000c\000u\000m\000e\000n\000t\000a\000t\000i\000o\000n}{section.4.9}
\BOOKMARK [3][-]{subsubsection.4.9.1.1}{\376\377\000f\000t\000\137\000r\000e\000\137\0001\000d}{subsection.4.9.1}
\BOOKMARK [3][-]{subsubsection.4.9.1.2}{\376\377\000f\000t\000\137\000r\000o\000\137\0001\000d}{subsection.4.9.1}
\BOOKMARK [3][-]{subsubsection.4.9.1.3}{\376\377\000f\000t\000\137\000z\0002\000z\000\137\0001\000d}{subsection.4.9.1}
\BOOKMARK [3][-]{subsubsection.4.9.1.4}{\376\377\000i\000f\000t\000\137\000z\0002\000z\000\137\0001\000d}{subsection.4.9.1}
\BOOKMARK [2][-]{subsection.4.9.2}{\376\377\000V\000a\000r\000i\000a\000b\000l\000e\000\040\000D\000o\000c\000u\000m\000e\000n\000t\000a\000t\000i\000o\000n}{section.4.9}
\BOOKMARK [3][-]{subsubsection.4.9.2.1}{\376\377\000f\000t\000\137\000r\000e\000\137\0001\000d\000\137\000i\000n\000i\000t}{subsection.4.9.2}
\BOOKMARK [1][-]{section.4.10}{\376\377\000l\000i\000b\000\137\000l\000a\000p\000a\000c\000k\000\040\000M\000o\000d\000u\000l\000e\000\040\000R\000e\000f\000e\000r\000e\000n\000c\000e}{chapter.4}
\BOOKMARK [2][-]{subsection.4.10.1}{\376\377\000F\000u\000n\000c\000t\000i\000o\000n\000/\000S\000u\000b\000r\000o\000u\000t\000i\000n\000e\000\040\000D\000o\000c\000u\000m\000e\000n\000t\000a\000t\000i\000o\000n}{section.4.10}
\BOOKMARK [3][-]{subsubsection.4.10.1.1}{\376\377\000g\000e\000t\000E\000i\000g\000e\000n\000S\000q}{subsection.4.10.1}
\BOOKMARK [3][-]{subsubsection.4.10.1.2}{\376\377\000g\000e\000t\000I\000n\000v\000M\000a\000t}{subsection.4.10.1}
\BOOKMARK [1][-]{section.4.11}{\376\377\000m\000e\000s\000h\000\040\000M\000o\000d\000u\000l\000e\000\040\000R\000e\000f\000e\000r\000e\000n\000c\000e}{chapter.4}
\BOOKMARK [2][-]{subsection.4.11.1}{\376\377\000F\000u\000n\000c\000t\000i\000o\000n\000/\000S\000u\000b\000r\000o\000u\000t\000i\000n\000e\000\040\000D\000o\000c\000u\000m\000e\000n\000t\000a\000t\000i\000o\000n}{section.4.11}
\BOOKMARK [3][-]{subsubsection.4.11.1.1}{\376\377\000g\000e\000t\000D\000e\000n}{subsection.4.11.1}
\BOOKMARK [3][-]{subsubsection.4.11.1.2}{\376\377\000g\000e\000t\000D\000e\000n\000D\000i\000a\000g\000K}{subsection.4.11.1}
\BOOKMARK [3][-]{subsubsection.4.11.1.3}{\376\377\000g\000e\000t\000D\000e\000n\000E\000i\000g\000e\000n\000s}{subsection.4.11.1}
\BOOKMARK [3][-]{subsubsection.4.11.1.4}{\376\377\000g\000e\000t\000D\000e\000n\000K}{subsection.4.11.1}
\BOOKMARK [3][-]{subsubsection.4.11.1.5}{\376\377\000g\000e\000t\000D\000e\000n\000W}{subsection.4.11.1}
\BOOKMARK [3][-]{subsubsection.4.11.1.6}{\376\377\000g\000e\000t\000D\000e\000n\000X}{subsection.4.11.1}
\BOOKMARK [3][-]{subsubsection.4.11.1.7}{\376\377\000g\000e\000t\000N\000e\000a\000r\000e\000s\000t\000I\000n\000d\000e\000x\000X}{subsection.4.11.1}
\BOOKMARK [3][-]{subsubsection.4.11.1.8}{\376\377\000i\000n\000i\000t\000i\000a\000l\000i\000z\000e\000M\000e\000s\000h}{subsection.4.11.1}
\BOOKMARK [3][-]{subsubsection.4.11.1.9}{\376\377\000m\000e\000s\000h\000\137\000r\000e\000f\000l\000e\000c\000t\000L\000R}{subsection.4.11.1}
\BOOKMARK [3][-]{subsubsection.4.11.1.10}{\376\377\000m\000e\000s\000h\000\137\000s\000e\000t\000R\000e\000f\000l\000e\000c\000t\000e\000d\000L\000R}{subsection.4.11.1}
\BOOKMARK [3][-]{subsubsection.4.11.1.11}{\376\377\000s\000e\000t\000D\000e\000n\000K}{subsection.4.11.1}
\BOOKMARK [3][-]{subsubsection.4.11.1.12}{\376\377\000s\000e\000t\000D\000e\000n\000W}{subsection.4.11.1}
\BOOKMARK [3][-]{subsubsection.4.11.1.13}{\376\377\000s\000e\000t\000D\000e\000n\000X}{subsection.4.11.1}
\BOOKMARK [3][-]{subsubsection.4.11.1.14}{\376\377\000s\000e\000t\000S\000t\000a\000t\000e}{subsection.4.11.1}
\BOOKMARK [3][-]{subsubsection.4.11.1.15}{\376\377\000t\000r\000a\000n\000s\000f\000o\000r\000m\000\137\000k\000\137\000t\000o\000\137\000w\000i\000g\000n\000e\000r\000\137\000d\000u\000m\000b}{subsection.4.11.1}
\BOOKMARK [3][-]{subsubsection.4.11.1.16}{\376\377\000t\000r\000a\000n\000s\000f\000o\000r\000m\000\137\000k\000\137\000t\000o\000\137\000w\000i\000g\000n\000e\000r\000\137\000f\000f\000t\000\137\000e\000x\000p}{subsection.4.11.1}
\BOOKMARK [3][-]{subsubsection.4.11.1.17}{\376\377\000t\000r\000a\000n\000s\000f\000o\000r\000m\000\137\000k\000\137\000t\000o\000\137\000w\000i\000g\000n\000e\000r\000\137\000t\000r\000i\000g}{subsection.4.11.1}
\BOOKMARK [3][-]{subsubsection.4.11.1.18}{\376\377\000t\000r\000a\000n\000s\000f\000o\000r\000m\000\137\000w\000\137\000t\000o\000\137\000k\000\137\000n\000o\000r\000e\000p\000e\000a\000t}{subsection.4.11.1}
\BOOKMARK [3][-]{subsubsection.4.11.1.19}{\376\377\000t\000r\000a\000n\000s\000f\000o\000r\000m\000\137\000w\000\137\000t\000o\000\137\000x\000\137\000n\000o\000r\000e\000p\000e\000a\000t\000\137\000f\000f\000t}{subsection.4.11.1}
\BOOKMARK [3][-]{subsubsection.4.11.1.20}{\376\377\000t\000r\000a\000n\000s\000f\000o\000r\000m\000\137\000w\000\137\000t\000o\000\137\000x\000\137\000n\000o\000r\000e\000p\000e\000a\000t\000\137\000f\000f\000t\000\137\000b\000a\000d}{subsection.4.11.1}
\BOOKMARK [3][-]{subsubsection.4.11.1.21}{\376\377\000t\000r\000a\000n\000s\000f\000o\000r\000m\000\137\000w\000i\000g\000n\000e\000r\000\137\000t\000o\000\137\000k\000\137\000d\000u\000m\000b}{subsection.4.11.1}
\BOOKMARK [3][-]{subsubsection.4.11.1.22}{\376\377\000t\000r\000a\000n\000s\000f\000o\000r\000m\000\137\000w\000i\000g\000n\000e\000r\000\137\000t\000o\000\137\000k\000\137\000f\000f\000t\000\137\000e\000x\000p}{subsection.4.11.1}
\BOOKMARK [3][-]{subsubsection.4.11.1.23}{\376\377\000t\000r\000a\000n\000s\000f\000o\000r\000m\000\137\000w\000i\000g\000n\000e\000r\000\137\000t\000o\000\137\000k\000\137\000t\000r\000i\000g}{subsection.4.11.1}
\BOOKMARK [3][-]{subsubsection.4.11.1.24}{\376\377\000t\000r\000a\000n\000s\000f\000o\000r\000m\000\137\000w\000i\000g\000n\000e\000r\000\137\000t\000o\000\137\000x\000\137\000d\000u\000m\000b}{subsection.4.11.1}
\BOOKMARK [3][-]{subsubsection.4.11.1.25}{\376\377\000t\000r\000a\000n\000s\000f\000o\000r\000m\000\137\000w\000i\000g\000n\000e\000r\000\137\000t\000o\000\137\000x\000\137\000t\000r\000i\000g}{subsection.4.11.1}
\BOOKMARK [3][-]{subsubsection.4.11.1.26}{\376\377\000t\000r\000a\000n\000s\000f\000o\000r\000m\000\137\000x\000\137\000t\000o\000\137\000k\000\137\000n\000o\000r\000e\000p\000e\000a\000t}{subsection.4.11.1}
\BOOKMARK [3][-]{subsubsection.4.11.1.27}{\376\377\000t\000r\000a\000n\000s\000f\000o\000r\000m\000\137\000x\000\137\000t\000o\000\137\000w\000\137\000d\000u\000m\000b\000\137\000k\000s\000h\000i\000f\000t}{subsection.4.11.1}
\BOOKMARK [3][-]{subsubsection.4.11.1.28}{\376\377\000t\000r\000a\000n\000s\000f\000o\000r\000m\000\137\000x\000\137\000t\000o\000\137\000w\000\137\000n\000o\000r\000e\000p\000e\000a\000t}{subsection.4.11.1}
\BOOKMARK [3][-]{subsubsection.4.11.1.29}{\376\377\000t\000r\000a\000n\000s\000f\000o\000r\000m\000\137\000x\000\137\000t\000o\000\137\000w\000\137\000n\000o\000r\000e\000p\000e\000a\000t\000\137\000f\000f\000t}{subsection.4.11.1}
\BOOKMARK [3][-]{subsubsection.4.11.1.30}{\376\377\000t\000r\000a\000n\000s\000f\000o\000r\000m\000\137\000x\000\137\000t\000o\000\137\000w\000i\000g\000n\000e\000r\000\137\000d\000u\000m\000b}{subsection.4.11.1}
\BOOKMARK [3][-]{subsubsection.4.11.1.31}{\376\377\000t\000r\000a\000n\000s\000f\000o\000r\000m\000\137\000x\000\137\000t\000o\000\137\000w\000i\000g\000n\000e\000r\000\137\000t\000r\000i\000g}{subsection.4.11.1}
\BOOKMARK [2][-]{subsection.4.11.2}{\376\377\000V\000a\000r\000i\000a\000b\000l\000e\000\040\000D\000o\000c\000u\000m\000e\000n\000t\000a\000t\000i\000o\000n}{section.4.11}
\BOOKMARK [3][-]{subsubsection.4.11.2.1}{\376\377\000d\000e\000l\000k\000a}{subsection.4.11.2}
\BOOKMARK [3][-]{subsubsection.4.11.2.2}{\376\377\000d\000e\000l\000k\000r}{subsection.4.11.2}
\BOOKMARK [3][-]{subsubsection.4.11.2.3}{\376\377\000d\000e\000l\000x\000a}{subsection.4.11.2}
\BOOKMARK [3][-]{subsubsection.4.11.2.4}{\376\377\000d\000e\000l\000x\000r}{subsection.4.11.2}
\BOOKMARK [3][-]{subsubsection.4.11.2.5}{\376\377\000d\000e\000n\000\137\000i\000m}{subsection.4.11.2}
\BOOKMARK [3][-]{subsubsection.4.11.2.6}{\376\377\000d\000e\000n\000\137\000r\000e}{subsection.4.11.2}
\BOOKMARK [3][-]{subsubsection.4.11.2.7}{\376\377\000d\000e\000n\000m\000a\000t}{subsection.4.11.2}
\BOOKMARK [3][-]{subsubsection.4.11.2.8}{\376\377\000d\000e\000n\000m\000a\000t\0002}{subsection.4.11.2}
\BOOKMARK [3][-]{subsubsection.4.11.2.9}{\376\377\000d\000e\000n\000S\000t\000a\000t\000e}{subsection.4.11.2}
\BOOKMARK [3][-]{subsubsection.4.11.2.10}{\376\377\000f\000a\000c\000d}{subsection.4.11.2}
\BOOKMARK [3][-]{subsubsection.4.11.2.11}{\376\377\000i\000N\000k\000a\0002}{subsection.4.11.2}
\BOOKMARK [3][-]{subsubsection.4.11.2.12}{\376\377\000i\000N\000k\000r\0002}{subsection.4.11.2}
\BOOKMARK [3][-]{subsubsection.4.11.2.13}{\376\377\000i\000s\000R\000e\000f\000l\000e\000c\000t\000e\000d\000L\000R}{subsection.4.11.2}
\BOOKMARK [3][-]{subsubsection.4.11.2.14}{\376\377\000k\000a}{subsection.4.11.2}
\BOOKMARK [3][-]{subsubsection.4.11.2.15}{\376\377\000k\000L\000a}{subsection.4.11.2}
\BOOKMARK [3][-]{subsubsection.4.11.2.16}{\376\377\000k\000r}{subsection.4.11.2}
\BOOKMARK [3][-]{subsubsection.4.11.2.17}{\376\377\000m\000a\000x\000x\000i\000m}{subsection.4.11.2}
\BOOKMARK [3][-]{subsubsection.4.11.2.18}{\376\377\000M\000O\000M\000E\000N\000T\000U\000M}{subsection.4.11.2}
\BOOKMARK [3][-]{subsubsection.4.11.2.19}{\376\377\000N\000k\000a}{subsection.4.11.2}
\BOOKMARK [3][-]{subsubsection.4.11.2.20}{\376\377\000N\000k\000a\0002}{subsection.4.11.2}
\BOOKMARK [3][-]{subsubsection.4.11.2.21}{\376\377\000N\000k\000a\000m}{subsection.4.11.2}
\BOOKMARK [3][-]{subsubsection.4.11.2.22}{\376\377\000N\000k\000a\000x}{subsection.4.11.2}
\BOOKMARK [3][-]{subsubsection.4.11.2.23}{\376\377\000N\000k\000r}{subsection.4.11.2}
\BOOKMARK [3][-]{subsubsection.4.11.2.24}{\376\377\000N\000k\000r\0002}{subsection.4.11.2}
\BOOKMARK [3][-]{subsubsection.4.11.2.25}{\376\377\000N\000k\000r\000m}{subsection.4.11.2}
\BOOKMARK [3][-]{subsubsection.4.11.2.26}{\376\377\000N\000k\000r\000x}{subsection.4.11.2}
\BOOKMARK [3][-]{subsubsection.4.11.2.27}{\376\377\000n\000o\000r\000m\000\137\000t\000h\000y}{subsection.4.11.2}
\BOOKMARK [3][-]{subsubsection.4.11.2.28}{\376\377\000N\000x\000a}{subsection.4.11.2}
\BOOKMARK [3][-]{subsubsection.4.11.2.29}{\376\377\000N\000x\000a\0002}{subsection.4.11.2}
\BOOKMARK [3][-]{subsubsection.4.11.2.30}{\376\377\000N\000x\000a\000m}{subsection.4.11.2}
\BOOKMARK [3][-]{subsubsection.4.11.2.31}{\376\377\000N\000x\000a\000x}{subsection.4.11.2}
\BOOKMARK [3][-]{subsubsection.4.11.2.32}{\376\377\000N\000x\000r}{subsection.4.11.2}
\BOOKMARK [3][-]{subsubsection.4.11.2.33}{\376\377\000N\000x\000r\0002}{subsection.4.11.2}
\BOOKMARK [3][-]{subsubsection.4.11.2.34}{\376\377\000N\000x\000r\000m}{subsection.4.11.2}
\BOOKMARK [3][-]{subsubsection.4.11.2.35}{\376\377\000N\000x\000r\000x}{subsection.4.11.2}
\BOOKMARK [3][-]{subsubsection.4.11.2.36}{\376\377\000p\000o\000t\000D\000i\000a\000g}{subsection.4.11.2}
\BOOKMARK [3][-]{subsubsection.4.11.2.37}{\376\377\000S\000P\000A\000C\000E}{subsection.4.11.2}
\BOOKMARK [3][-]{subsubsection.4.11.2.38}{\376\377\000W\000I\000G\000N\000E\000R}{subsection.4.11.2}
\BOOKMARK [3][-]{subsubsection.4.11.2.39}{\376\377\000x\000a}{subsection.4.11.2}
\BOOKMARK [3][-]{subsubsection.4.11.2.40}{\376\377\000x\000L\000a}{subsection.4.11.2}
\BOOKMARK [3][-]{subsubsection.4.11.2.41}{\376\377\000x\000L\000r}{subsection.4.11.2}
\BOOKMARK [3][-]{subsubsection.4.11.2.42}{\376\377\000x\000r}{subsection.4.11.2}
\BOOKMARK [1][-]{section.4.12}{\376\377\000p\000h\000y\000s\000\137\000c\000o\000n\000s\000\040\000M\000o\000d\000u\000l\000e\000\040\000R\000e\000f\000e\000r\000e\000n\000c\000e}{chapter.4}
\BOOKMARK [2][-]{subsection.4.12.1}{\376\377\000V\000a\000r\000i\000a\000b\000l\000e\000\040\000D\000o\000c\000u\000m\000e\000n\000t\000a\000t\000i\000o\000n}{section.4.12}
\BOOKMARK [3][-]{subsubsection.4.12.1.1}{\376\377\000a\0000}{subsection.4.12.1}
\BOOKMARK [3][-]{subsubsection.4.12.1.2}{\376\377\000d\000e\000g}{subsection.4.12.1}
\BOOKMARK [3][-]{subsubsection.4.12.1.3}{\376\377\000h\000b\000c}{subsection.4.12.1}
\BOOKMARK [3][-]{subsubsection.4.12.1.4}{\376\377\000h\000b\000c\0002}{subsection.4.12.1}
\BOOKMARK [3][-]{subsubsection.4.12.1.5}{\376\377\000h\000m}{subsection.4.12.1}
\BOOKMARK [3][-]{subsubsection.4.12.1.6}{\376\377\000i\000m\000a\000g\000i}{subsection.4.12.1}
\BOOKMARK [3][-]{subsubsection.4.12.1.7}{\376\377\000i\000n\000v\000p\000i}{subsection.4.12.1}
\BOOKMARK [3][-]{subsubsection.4.12.1.8}{\376\377\000i\000n\000v\000s\000q\000r\000t\0002\000p\000i}{subsection.4.12.1}
\BOOKMARK [3][-]{subsubsection.4.12.1.9}{\376\377\000m\0000}{subsection.4.12.1}
\BOOKMARK [3][-]{subsubsection.4.12.1.10}{\376\377\000m\000n}{subsection.4.12.1}
\BOOKMARK [3][-]{subsubsection.4.12.1.11}{\376\377\000m\000p}{subsection.4.12.1}
\BOOKMARK [3][-]{subsubsection.4.12.1.12}{\376\377\000p\000i}{subsection.4.12.1}
\BOOKMARK [3][-]{subsubsection.4.12.1.13}{\376\377\000r\000h\000o\0000}{subsection.4.12.1}
\BOOKMARK [1][-]{section.4.13}{\376\377\000p\000r\000e\000c\000\137\000d\000e\000f\000\040\000M\000o\000d\000u\000l\000e\000\040\000R\000e\000f\000e\000r\000e\000n\000c\000e}{chapter.4}
\BOOKMARK [2][-]{subsection.4.13.1}{\376\377\000V\000a\000r\000i\000a\000b\000l\000e\000\040\000D\000o\000c\000u\000m\000e\000n\000t\000a\000t\000i\000o\000n}{section.4.13}
\BOOKMARK [3][-]{subsubsection.4.13.1.1}{\376\377\000l\000o\000n\000g}{subsection.4.13.1}
\BOOKMARK [3][-]{subsubsection.4.13.1.2}{\376\377\000s\000t\000d\000e\000r\000r}{subsection.4.13.1}
\BOOKMARK [1][-]{section.4.14}{\376\377\000s\000k\000y\000r\000m\000e\000\137\000p\000a\000r\000a\000m\000s\000\040\000M\000o\000d\000u\000l\000e\000\040\000R\000e\000f\000e\000r\000e\000n\000c\000e}{chapter.4}
\BOOKMARK [2][-]{subsection.4.14.1}{\376\377\000V\000a\000r\000i\000a\000b\000l\000e\000\040\000D\000o\000c\000u\000m\000e\000n\000t\000a\000t\000i\000o\000n}{section.4.14}
\BOOKMARK [3][-]{subsubsection.4.14.1.1}{\376\377\000s\000i\000g}{subsection.4.14.1}
\BOOKMARK [3][-]{subsubsection.4.14.1.2}{\376\377\000t\0000}{subsection.4.14.1}
\BOOKMARK [3][-]{subsubsection.4.14.1.3}{\376\377\000t\0003}{subsection.4.14.1}
\BOOKMARK [1][-]{section.4.15}{\376\377\000t\000i\000m\000e\000\040\000M\000o\000d\000u\000l\000e\000\040\000R\000e\000f\000e\000r\000e\000n\000c\000e}{chapter.4}
\BOOKMARK [2][-]{subsection.4.15.1}{\376\377\000V\000a\000r\000i\000a\000b\000l\000e\000\040\000D\000o\000c\000u\000m\000e\000n\000t\000a\000t\000i\000o\000n}{section.4.15}
\BOOKMARK [3][-]{subsubsection.4.15.1.1}{\376\377\000f\000i\000r\000s\000t\000O\000u\000t\000p\000u\000t}{subsection.4.15.1}
\BOOKMARK [3][-]{subsubsection.4.15.1.2}{\376\377\000i\000t}{subsection.4.15.1}
\BOOKMARK [3][-]{subsubsection.4.15.1.3}{\376\377\000N\000t}{subsection.4.15.1}
\BOOKMARK [3][-]{subsubsection.4.15.1.4}{\376\377\000t}{subsection.4.15.1}
\BOOKMARK [0][-]{chapter.5}{\376\377\000D\000a\000t\000a\000\040\000T\000y\000p\000e\000\040\000D\000o\000c\000u\000m\000e\000n\000t\000a\000t\000i\000o\000n}{}
\BOOKMARK [1][-]{section.5.1}{\376\377\000c\000l\000a\000s\000s\000\137\000A\000r\000r\000a\000y\000L\000i\000s\000t\000:\000:\000d\000A\000r\000r\000a\000y\000L\000i\000s\000t\000\040\000T\000y\000p\000e\000\040\000R\000e\000f\000e\000r\000e\000n\000c\000e}{chapter.5}
\BOOKMARK [2][-]{subsection.5.1.1}{\376\377\000D\000e\000t\000a\000i\000l\000e\000d\000\040\000D\000e\000s\000c\000r\000i\000p\000t\000i\000o\000n}{section.5.1}
\BOOKMARK [2][-]{subsection.5.1.2}{\376\377\000M\000e\000m\000b\000e\000r\000\040\000D\000a\000t\000a\000\040\000D\000o\000c\000u\000m\000e\000n\000t\000a\000t\000i\000o\000n}{section.5.1}
\BOOKMARK [3][-]{subsubsection.5.1.2.1}{\376\377\000c\000a\000p\000a\000c\000i\000t\000y}{subsection.5.1.2}
\BOOKMARK [3][-]{subsubsection.5.1.2.2}{\376\377\000s\000i\000z\000e}{subsection.5.1.2}
\BOOKMARK [3][-]{subsubsection.5.1.2.3}{\376\377\000v\000a\000l\000u\000e\000s}{subsection.5.1.2}
\BOOKMARK [0][-]{chapter.6}{\376\377\000F\000i\000l\000e\000\040\000D\000o\000c\000u\000m\000e\000n\000t\000a\000t\000i\000o\000n}{}
\BOOKMARK [1][-]{section.6.1}{\376\377\000/\000h\000o\000m\000e\000/\000b\000o\000b\000/\000p\000r\000o\000j\000/\000D\000E\000M\000A\000G\000O\000Q\000U\000E\000/\000w\000o\000r\000k\0002\000/\000t\000r\000u\000n\000k\000/\000s\000r\000c\000/\000b\000m\000a\000t\000h\000.\000f\0009\0000\000\040\000F\000i\000l\000e\000\040\000R\000e\000f\000e\000r\000e\000n\000c\000e}{chapter.6}
\BOOKMARK [1][-]{section.6.2}{\376\377\000/\000h\000o\000m\000e\000/\000b\000o\000b\000/\000p\000r\000o\000j\000/\000D\000E\000M\000A\000G\000O\000Q\000U\000E\000/\000w\000o\000r\000k\0002\000/\000t\000r\000u\000n\000k\000/\000s\000r\000c\000/\000b\000s\000t\000r\000i\000n\000g\000.\000f\0009\0000\000\040\000F\000i\000l\000e\000\040\000R\000e\000f\000e\000r\000e\000n\000c\000e}{chapter.6}
\BOOKMARK [2][-]{subsection.6.2.1}{\376\377\000F\000u\000n\000c\000t\000i\000o\000n\000\040\000D\000o\000c\000u\000m\000e\000n\000t\000a\000t\000i\000o\000n}{section.6.2}
\BOOKMARK [3][-]{subsubsection.6.2.1.1}{\376\377\000t\000e\000s\000t\000\137\000b\000s\000t\000r\000i\000n\000g}{subsection.6.2.1}
\BOOKMARK [3][-]{subsubsection.6.2.1.2}{\376\377\000t\000e\000s\000t\000\137\000f\000i\000n\000d\000F\000i\000r\000s\000t\000W\000o\000r\000d}{subsection.6.2.1}
\BOOKMARK [1][-]{section.6.3}{\376\377\000/\000h\000o\000m\000e\000/\000b\000o\000b\000/\000p\000r\000o\000j\000/\000D\000E\000M\000A\000G\000O\000Q\000U\000E\000/\000w\000o\000r\000k\0002\000/\000t\000r\000u\000n\000k\000/\000s\000r\000c\000/\000c\000l\000a\000s\000s\000\137\000A\000r\000r\000a\000y\000L\000i\000s\000t\000.\000f\0009\0000\000\040\000F\000i\000l\000e\000\040\000R\000e\000f\000e\000r\000e\000n\000c\000e}{chapter.6}
\BOOKMARK [1][-]{section.6.4}{\376\377\000/\000h\000o\000m\000e\000/\000b\000o\000b\000/\000p\000r\000o\000j\000/\000D\000E\000M\000A\000G\000O\000Q\000U\000E\000/\000w\000o\000r\000k\0002\000/\000t\000r\000u\000n\000k\000/\000s\000r\000c\000/\000c\000o\000m\000p\000a\000r\000e\000A\000B\000.\000f\0009\0000\000\040\000F\000i\000l\000e\000\040\000R\000e\000f\000e\000r\000e\000n\000c\000e}{chapter.6}
\BOOKMARK [2][-]{subsection.6.4.1}{\376\377\000F\000u\000n\000c\000t\000i\000o\000n\000\040\000D\000o\000c\000u\000m\000e\000n\000t\000a\000t\000i\000o\000n}{section.6.4}
\BOOKMARK [3][-]{subsubsection.6.4.1.1}{\376\377\000c\000o\000m\000p\000a\000r\000e\000A\000B}{subsection.6.4.1}
\BOOKMARK [1][-]{section.6.5}{\376\377\000/\000h\000o\000m\000e\000/\000b\000o\000b\000/\000p\000r\000o\000j\000/\000D\000E\000M\000A\000G\000O\000Q\000U\000E\000/\000w\000o\000r\000k\0002\000/\000t\000r\000u\000n\000k\000/\000s\000r\000c\000/\000c\000o\000n\000s\000\137\000l\000a\000w\000s\000.\000f\0009\0000\000\040\000F\000i\000l\000e\000\040\000R\000e\000f\000e\000r\000e\000n\000c\000e}{chapter.6}
\BOOKMARK [1][-]{section.6.6}{\376\377\000/\000h\000o\000m\000e\000/\000b\000o\000b\000/\000p\000r\000o\000j\000/\000D\000E\000M\000A\000G\000O\000Q\000U\000E\000/\000w\000o\000r\000k\0002\000/\000t\000r\000u\000n\000k\000/\000s\000r\000c\000/\000d\000m\000t\000d\000h\000f\000.\000f\0009\0000\000\040\000F\000i\000l\000e\000\040\000R\000e\000f\000e\000r\000e\000n\000c\000e}{chapter.6}
\BOOKMARK [2][-]{subsection.6.6.1}{\376\377\000F\000u\000n\000c\000t\000i\000o\000n\000\040\000D\000o\000c\000u\000m\000e\000n\000t\000a\000t\000i\000o\000n}{section.6.6}
\BOOKMARK [3][-]{subsubsection.6.6.1.1}{\376\377\000d\000m\000t\000d\000h\000f}{subsection.6.6.1}
\BOOKMARK [3][-]{subsubsection.6.6.1.2}{\376\377\000g\000e\000t\000S\000t\000d\000I\000n}{subsection.6.6.1}
\BOOKMARK [1][-]{section.6.7}{\376\377\000/\000h\000o\000m\000e\000/\000b\000o\000b\000/\000p\000r\000o\000j\000/\000D\000E\000M\000A\000G\000O\000Q\000U\000E\000/\000w\000o\000r\000k\0002\000/\000t\000r\000u\000n\000k\000/\000s\000r\000c\000/\000e\000n\000e\000r\000.\000f\0009\0000\000\040\000F\000i\000l\000e\000\040\000R\000e\000f\000e\000r\000e\000n\000c\000e}{chapter.6}
\BOOKMARK [2][-]{subsection.6.7.1}{\376\377\000F\000u\000n\000c\000t\000i\000o\000n\000\040\000D\000o\000c\000u\000m\000e\000n\000t\000a\000t\000i\000o\000n}{section.6.7}
\BOOKMARK [3][-]{subsubsection.6.7.1.1}{\376\377\000e\000n\000e\000r\000\137\000k}{subsection.6.7.1}
\BOOKMARK [3][-]{subsubsection.6.7.1.2}{\376\377\000e\000n\000e\000r\000\137\000x}{subsection.6.7.1}
\BOOKMARK [1][-]{section.6.8}{\376\377\000/\000h\000o\000m\000e\000/\000b\000o\000b\000/\000p\000r\000o\000j\000/\000D\000E\000M\000A\000G\000O\000Q\000U\000E\000/\000w\000o\000r\000k\0002\000/\000t\000r\000u\000n\000k\000/\000s\000r\000c\000/\000f\000f\000t\000\137\000n\000a\000g\000.\000f\0009\0000\000\040\000F\000i\000l\000e\000\040\000R\000e\000f\000e\000r\000e\000n\000c\000e}{chapter.6}
\BOOKMARK [2][-]{subsection.6.8.1}{\376\377\000F\000u\000n\000c\000t\000i\000o\000n\000\040\000D\000o\000c\000u\000m\000e\000n\000t\000a\000t\000i\000o\000n}{section.6.8}
\BOOKMARK [3][-]{subsubsection.6.8.1.1}{\376\377\000F\000T}{subsection.6.8.1}
\BOOKMARK [3][-]{subsubsection.6.8.1.2}{\376\377\000I\000F\000T}{subsection.6.8.1}
\BOOKMARK [1][-]{section.6.9}{\376\377\000/\000h\000o\000m\000e\000/\000b\000o\000b\000/\000p\000r\000o\000j\000/\000D\000E\000M\000A\000G\000O\000Q\000U\000E\000/\000w\000o\000r\000k\0002\000/\000t\000r\000u\000n\000k\000/\000s\000r\000c\000/\000f\000o\000r\000m\000a\000t\000.\000f\0009\0000\000\040\000F\000i\000l\000e\000\040\000R\000e\000f\000e\000r\000e\000n\000c\000e}{chapter.6}
\BOOKMARK [1][-]{section.6.10}{\376\377\000/\000h\000o\000m\000e\000/\000b\000o\000b\000/\000p\000r\000o\000j\000/\000D\000E\000M\000A\000G\000O\000Q\000U\000E\000/\000w\000o\000r\000k\0002\000/\000t\000r\000u\000n\000k\000/\000s\000r\000c\000/\000f\000o\000r\000m\000a\000t\000t\000i\000n\000g\000.\000f\0009\0000\000\040\000F\000i\000l\000e\000\040\000R\000e\000f\000e\000r\000e\000n\000c\000e}{chapter.6}
\BOOKMARK [1][-]{section.6.11}{\376\377\000/\000h\000o\000m\000e\000/\000b\000o\000b\000/\000p\000r\000o\000j\000/\000D\000E\000M\000A\000G\000O\000Q\000U\000E\000/\000w\000o\000r\000k\0002\000/\000t\000r\000u\000n\000k\000/\000s\000r\000c\000/\000i\000n\000i\000t\000i\000a\000l\000.\000f\0009\0000\000\040\000F\000i\000l\000e\000\040\000R\000e\000f\000e\000r\000e\000n\000c\000e}{chapter.6}
\BOOKMARK [2][-]{subsection.6.11.1}{\376\377\000F\000u\000n\000c\000t\000i\000o\000n\000\040\000D\000o\000c\000u\000m\000e\000n\000t\000a\000t\000i\000o\000n}{section.6.11}
\BOOKMARK [3][-]{subsubsection.6.11.1.1}{\376\377\000b\000o\000o\000s\000t}{subsection.6.11.1}
\BOOKMARK [3][-]{subsubsection.6.11.1.2}{\376\377\000c\000a\000l\000c\000I\000n\000i\000t\000i\000a\000l}{subsection.6.11.1}
\BOOKMARK [3][-]{subsubsection.6.11.1.3}{\376\377\000c\000o\000p\000y\000E\000x\000t\000r\000a}{subsection.6.11.1}
\BOOKMARK [3][-]{subsubsection.6.11.1.4}{\376\377\000d\000i\000s\000p\000l\000a\000c\000e\000L\000e\000f\000t}{subsection.6.11.1}
\BOOKMARK [3][-]{subsubsection.6.11.1.5}{\376\377\000d\000i\000s\000p\000l\000a\000c\000e\000R\000i\000g\000h\000t}{subsection.6.11.1}
\BOOKMARK [3][-]{subsubsection.6.11.1.6}{\376\377\000f\000l\000i\000p\000c\000l\000o\000n\000e}{subsection.6.11.1}
\BOOKMARK [3][-]{subsubsection.6.11.1.7}{\376\377\000g\000e\000t\000K\0001\0002}{subsection.6.11.1}
\BOOKMARK [3][-]{subsubsection.6.11.1.8}{\376\377\000g\000e\000t\000r\000X\0001\0002}{subsection.6.11.1}
\BOOKMARK [3][-]{subsubsection.6.11.1.9}{\376\377\000g\000e\000t\000X\0001\0002}{subsection.6.11.1}
\BOOKMARK [3][-]{subsubsection.6.11.1.10}{\376\377\000i\000n\000i\000t\000i\000a\000l\000S\000t\000a\000t\000e}{subsection.6.11.1}
\BOOKMARK [1][-]{section.6.12}{\376\377\000/\000h\000o\000m\000e\000/\000b\000o\000b\000/\000p\000r\000o\000j\000/\000D\000E\000M\000A\000G\000O\000Q\000U\000E\000/\000w\000o\000r\000k\0002\000/\000t\000r\000u\000n\000k\000/\000s\000r\000c\000/\000i\000n\000p\000u\000t\000\137\000p\000a\000r\000a\000m\000e\000t\000e\000r\000s\000.\000f\0009\0000\000\040\000F\000i\000l\000e\000\040\000R\000e\000f\000e\000r\000e\000n\000c\000e}{chapter.6}
\BOOKMARK [1][-]{section.6.13}{\376\377\000/\000h\000o\000m\000e\000/\000b\000o\000b\000/\000p\000r\000o\000j\000/\000D\000E\000M\000A\000G\000O\000Q\000U\000E\000/\000w\000o\000r\000k\0002\000/\000t\000r\000u\000n\000k\000/\000s\000r\000c\000/\000i\000n\000t\000e\000g\000r\000a\000.\000f\0009\0000\000\040\000F\000i\000l\000e\000\040\000R\000e\000f\000e\000r\000e\000n\000c\000e}{chapter.6}
\BOOKMARK [2][-]{subsection.6.13.1}{\376\377\000F\000u\000n\000c\000t\000i\000o\000n\000\040\000D\000o\000c\000u\000m\000e\000n\000t\000a\000t\000i\000o\000n}{section.6.13}
\BOOKMARK [3][-]{subsubsection.6.13.1.1}{\376\377\000d\000i\000n\000t\000\137\000s\000i\000m\000p\0001}{subsection.6.13.1}
\BOOKMARK [1][-]{section.6.14}{\376\377\000/\000h\000o\000m\000e\000/\000b\000o\000b\000/\000p\000r\000o\000j\000/\000D\000E\000M\000A\000G\000O\000Q\000U\000E\000/\000w\000o\000r\000k\0002\000/\000t\000r\000u\000n\000k\000/\000s\000r\000c\000/\000i\000n\000t\000e\000r\000p\000.\000f\000\040\000F\000i\000l\000e\000\040\000R\000e\000f\000e\000r\000e\000n\000c\000e}{chapter.6}
\BOOKMARK [2][-]{subsection.6.14.1}{\376\377\000F\000u\000n\000c\000t\000i\000o\000n\000\040\000D\000o\000c\000u\000m\000e\000n\000t\000a\000t\000i\000o\000n}{section.6.14}
\BOOKMARK [3][-]{subsubsection.6.14.1.1}{\376\377\000L\000I\000N\000\137\000I\000N\000T}{subsection.6.14.1}
\BOOKMARK [3][-]{subsubsection.6.14.1.2}{\376\377\000L\000I\000N\000\137\000I\000N\000T\0002\000D}{subsection.6.14.1}
\BOOKMARK [3][-]{subsubsection.6.14.1.3}{\376\377\000L\000I\000N\000I\000N\000T}{subsection.6.14.1}
\BOOKMARK [3][-]{subsubsection.6.14.1.4}{\376\377\000P\000O\000L\000\137\000I\000N\000T}{subsection.6.14.1}
\BOOKMARK [3][-]{subsubsection.6.14.1.5}{\376\377\000P\000O\000L\000I\000N\000T}{subsection.6.14.1}
\BOOKMARK [3][-]{subsubsection.6.14.1.6}{\376\377\000S\000P\000I\000N\000T}{subsection.6.14.1}
\BOOKMARK [3][-]{subsubsection.6.14.1.7}{\376\377\000S\000P\000L\000I\000N\0002}{subsection.6.14.1}
\BOOKMARK [3][-]{subsubsection.6.14.1.8}{\376\377\000S\000P\000L\000I\000N\000E}{subsection.6.14.1}
\BOOKMARK [3][-]{subsubsection.6.14.1.9}{\376\377\000S\000P\000L\000I\000N\000E\0002\000D}{subsection.6.14.1}
\BOOKMARK [3][-]{subsubsection.6.14.1.10}{\376\377\000S\000P\000L\000I\000N\000T}{subsection.6.14.1}
\BOOKMARK [3][-]{subsubsection.6.14.1.11}{\376\377\000S\000P\000L\000I\000N\000T\0002\000D}{subsection.6.14.1}
\BOOKMARK [1][-]{section.6.15}{\376\377\000/\000h\000o\000m\000e\000/\000b\000o\000b\000/\000p\000r\000o\000j\000/\000D\000E\000M\000A\000G\000O\000Q\000U\000E\000/\000w\000o\000r\000k\0002\000/\000t\000r\000u\000n\000k\000/\000s\000r\000c\000/\000i\000n\000t\000e\000r\000p\000.\000f\0009\0000\000\040\000F\000i\000l\000e\000\040\000R\000e\000f\000e\000r\000e\000n\000c\000e}{chapter.6}
\BOOKMARK [2][-]{subsection.6.15.1}{\376\377\000F\000u\000n\000c\000t\000i\000o\000n\000\040\000D\000o\000c\000u\000m\000e\000n\000t\000a\000t\000i\000o\000n}{section.6.15}
\BOOKMARK [3][-]{subsubsection.6.15.1.1}{\376\377\000f\000i\000n\000d\000\137\000p\000o\000i\000n\000t\000s}{subsection.6.15.1}
\BOOKMARK [3][-]{subsubsection.6.15.1.2}{\376\377\000L\000I\000N\000\137\000I\000N\000T\000\137\0001\000D}{subsection.6.15.1}
\BOOKMARK [3][-]{subsubsection.6.15.1.3}{\376\377\000L\000I\000N\000\137\000I\000N\000T\000\137\0002\000D}{subsection.6.15.1}
\BOOKMARK [1][-]{section.6.16}{\376\377\000/\000h\000o\000m\000e\000/\000b\000o\000b\000/\000p\000r\000o\000j\000/\000D\000E\000M\000A\000G\000O\000Q\000U\000E\000/\000w\000o\000r\000k\0002\000/\000t\000r\000u\000n\000k\000/\000s\000r\000c\000/\000i\000n\000t\000e\000r\000p\000\137\000t\000e\000s\000t\000.\000f\0009\0000\000\040\000F\000i\000l\000e\000\040\000R\000e\000f\000e\000r\000e\000n\000c\000e}{chapter.6}
\BOOKMARK [2][-]{subsection.6.16.1}{\376\377\000F\000u\000n\000c\000t\000i\000o\000n\000\040\000D\000o\000c\000u\000m\000e\000n\000t\000a\000t\000i\000o\000n}{section.6.16}
\BOOKMARK [3][-]{subsubsection.6.16.1.1}{\376\377\000i\000n\000t\000e\000r\000p\000\137\000t\000e\000s\000t}{subsection.6.16.1}
\BOOKMARK [1][-]{section.6.17}{\376\377\000/\000h\000o\000m\000e\000/\000b\000o\000b\000/\000p\000r\000o\000j\000/\000D\000E\000M\000A\000G\000O\000Q\000U\000E\000/\000w\000o\000r\000k\0002\000/\000t\000r\000u\000n\000k\000/\000s\000r\000c\000/\000l\000i\000b\000\137\000f\000f\000t\000p\000a\000c\000k\000.\000f\0009\0000\000\040\000F\000i\000l\000e\000\040\000R\000e\000f\000e\000r\000e\000n\000c\000e}{chapter.6}
\BOOKMARK [1][-]{section.6.18}{\376\377\000/\000h\000o\000m\000e\000/\000b\000o\000b\000/\000p\000r\000o\000j\000/\000D\000E\000M\000A\000G\000O\000Q\000U\000E\000/\000w\000o\000r\000k\0002\000/\000t\000r\000u\000n\000k\000/\000s\000r\000c\000/\000l\000i\000b\000\137\000f\000f\000t\000w\000.\000f\0009\0000\000\040\000F\000i\000l\000e\000\040\000R\000e\000f\000e\000r\000e\000n\000c\000e}{chapter.6}
\BOOKMARK [1][-]{section.6.19}{\376\377\000/\000h\000o\000m\000e\000/\000b\000o\000b\000/\000p\000r\000o\000j\000/\000D\000E\000M\000A\000G\000O\000Q\000U\000E\000/\000w\000o\000r\000k\0002\000/\000t\000r\000u\000n\000k\000/\000s\000r\000c\000/\000l\000i\000b\000\137\000l\000a\000p\000a\000c\000k\000.\000f\0009\0000\000\040\000F\000i\000l\000e\000\040\000R\000e\000f\000e\000r\000e\000n\000c\000e}{chapter.6}
\BOOKMARK [1][-]{section.6.20}{\376\377\000/\000h\000o\000m\000e\000/\000b\000o\000b\000/\000p\000r\000o\000j\000/\000D\000E\000M\000A\000G\000O\000Q\000U\000E\000/\000w\000o\000r\000k\0002\000/\000t\000r\000u\000n\000k\000/\000s\000r\000c\000/\000m\000e\000s\000h\000.\000f\0009\0000\000\040\000F\000i\000l\000e\000\040\000R\000e\000f\000e\000r\000e\000n\000c\000e}{chapter.6}
\BOOKMARK [1][-]{section.6.21}{\376\377\000/\000h\000o\000m\000e\000/\000b\000o\000b\000/\000p\000r\000o\000j\000/\000D\000E\000M\000A\000G\000O\000Q\000U\000E\000/\000w\000o\000r\000k\0002\000/\000t\000r\000u\000n\000k\000/\000s\000r\000c\000/\000o\000u\000t\000A\000n\000a\000l\000H\000a\000r\000m\000o\000n\000i\000c\000.\000f\0009\0000\000\040\000F\000i\000l\000e\000\040\000R\000e\000f\000e\000r\000e\000n\000c\000e}{chapter.6}
\BOOKMARK [2][-]{subsection.6.21.1}{\376\377\000F\000u\000n\000c\000t\000i\000o\000n\000\040\000D\000o\000c\000u\000m\000e\000n\000t\000a\000t\000i\000o\000n}{section.6.21}
\BOOKMARK [3][-]{subsubsection.6.21.1.1}{\376\377\000c\000a\000l\000c\000H\000a\000r\000m\000o\000n\000i\000c\000E\000v}{subsection.6.21.1}
\BOOKMARK [3][-]{subsubsection.6.21.1.2}{\376\377\000o\000u\000t\000A\000n\000a\000l\000H\000a\000r\000m\000o\000n\000i\000c}{subsection.6.21.1}
\BOOKMARK [1][-]{section.6.22}{\376\377\000/\000h\000o\000m\000e\000/\000b\000o\000b\000/\000p\000r\000o\000j\000/\000D\000E\000M\000A\000G\000O\000Q\000U\000E\000/\000w\000o\000r\000k\0002\000/\000t\000r\000u\000n\000k\000/\000s\000r\000c\000/\000o\000u\000t\000p\000u\000t\000.\000f\0009\0000\000\040\000F\000i\000l\000e\000\040\000R\000e\000f\000e\000r\000e\000n\000c\000e}{chapter.6}
\BOOKMARK [2][-]{subsection.6.22.1}{\376\377\000F\000u\000n\000c\000t\000i\000o\000n\000\040\000D\000o\000c\000u\000m\000e\000n\000t\000a\000t\000i\000o\000n}{section.6.22}
\BOOKMARK [3][-]{subsubsection.6.22.1.1}{\376\377\000i\000n\000D\000e\000n\000U\000n\000f}{subsection.6.22.1}
\BOOKMARK [3][-]{subsubsection.6.22.1.2}{\376\377\000o\000u\000t\000D\000e\000n\000M\000a\000t}{subsection.6.22.1}
\BOOKMARK [3][-]{subsubsection.6.22.1.3}{\376\377\000o\000u\000t\000D\000e\000n\000M\000a\000t\000K\000P\000h\000y\000s}{subsection.6.22.1}
\BOOKMARK [3][-]{subsubsection.6.22.1.4}{\376\377\000o\000u\000t\000D\000e\000n\000M\000a\000t\000X\000P\000h\000y\000s}{subsection.6.22.1}
\BOOKMARK [3][-]{subsubsection.6.22.1.5}{\376\377\000o\000u\000t\000D\000e\000n\000U\000n\000f}{subsection.6.22.1}
\BOOKMARK [3][-]{subsubsection.6.22.1.6}{\376\377\000o\000u\000t\000D\000i\000a\000g\000K}{subsection.6.22.1}
\BOOKMARK [3][-]{subsubsection.6.22.1.7}{\376\377\000o\000u\000t\000D\000i\000a\000g\000X}{subsection.6.22.1}
\BOOKMARK [3][-]{subsubsection.6.22.1.8}{\376\377\000o\000u\000t\000E\000n\000e\000r}{subsection.6.22.1}
\BOOKMARK [3][-]{subsubsection.6.22.1.9}{\376\377\000o\000u\000t\000K}{subsection.6.22.1}
\BOOKMARK [3][-]{subsubsection.6.22.1.10}{\376\377\000o\000u\000t\000p\000u\000t}{subsection.6.22.1}
\BOOKMARK [3][-]{subsubsection.6.22.1.11}{\376\377\000o\000u\000t\000W}{subsection.6.22.1}
\BOOKMARK [3][-]{subsubsection.6.22.1.12}{\376\377\000o\000u\000t\000X}{subsection.6.22.1}
\BOOKMARK [1][-]{section.6.23}{\376\377\000/\000h\000o\000m\000e\000/\000b\000o\000b\000/\000p\000r\000o\000j\000/\000D\000E\000M\000A\000G\000O\000Q\000U\000E\000/\000w\000o\000r\000k\0002\000/\000t\000r\000u\000n\000k\000/\000s\000r\000c\000/\000p\000h\000y\000s\000\137\000c\000o\000n\000s\000.\000f\0009\0000\000\040\000F\000i\000l\000e\000\040\000R\000e\000f\000e\000r\000e\000n\000c\000e}{chapter.6}
\BOOKMARK [1][-]{section.6.24}{\376\377\000/\000h\000o\000m\000e\000/\000b\000o\000b\000/\000p\000r\000o\000j\000/\000D\000E\000M\000A\000G\000O\000Q\000U\000E\000/\000w\000o\000r\000k\0002\000/\000t\000r\000u\000n\000k\000/\000s\000r\000c\000/\000p\000r\000e\000c\000\137\000d\000e\000f\000.\000f\0009\0000\000\040\000F\000i\000l\000e\000\040\000R\000e\000f\000e\000r\000e\000n\000c\000e}{chapter.6}
\BOOKMARK [1][-]{section.6.25}{\376\377\000/\000h\000o\000m\000e\000/\000b\000o\000b\000/\000p\000r\000o\000j\000/\000D\000E\000M\000A\000G\000O\000Q\000U\000E\000/\000w\000o\000r\000k\0002\000/\000t\000r\000u\000n\000k\000/\000s\000r\000c\000/\000p\000r\000o\000c\000d\000e\000n\000.\000f\0009\0000\000\040\000F\000i\000l\000e\000\040\000R\000e\000f\000e\000r\000e\000n\000c\000e}{chapter.6}
\BOOKMARK [2][-]{subsection.6.25.1}{\376\377\000F\000u\000n\000c\000t\000i\000o\000n\000\040\000D\000o\000c\000u\000m\000e\000n\000t\000a\000t\000i\000o\000n}{section.6.25}
\BOOKMARK [3][-]{subsubsection.6.25.1.1}{\376\377\000p\000r\000o\000c\000d\000e\000n}{subsection.6.25.1}
\BOOKMARK [1][-]{section.6.26}{\376\377\000/\000h\000o\000m\000e\000/\000b\000o\000b\000/\000p\000r\000o\000j\000/\000D\000E\000M\000A\000G\000O\000Q\000U\000E\000/\000w\000o\000r\000k\0002\000/\000t\000r\000u\000n\000k\000/\000s\000r\000c\000/\000p\000r\000o\000c\000d\000e\000n\000e\000x\000t\000r\000a\000.\000f\0009\0000\000\040\000F\000i\000l\000e\000\040\000R\000e\000f\000e\000r\000e\000n\000c\000e}{chapter.6}
\BOOKMARK [2][-]{subsection.6.26.1}{\376\377\000F\000u\000n\000c\000t\000i\000o\000n\000\040\000D\000o\000c\000u\000m\000e\000n\000t\000a\000t\000i\000o\000n}{section.6.26}
\BOOKMARK [3][-]{subsubsection.6.26.1.1}{\376\377\000p\000r\000o\000c\000d\000e\000n\000e\000x\000t\000r\000a}{subsection.6.26.1}
\BOOKMARK [1][-]{section.6.27}{\376\377\000/\000h\000o\000m\000e\000/\000b\000o\000b\000/\000p\000r\000o\000j\000/\000D\000E\000M\000A\000G\000O\000Q\000U\000E\000/\000w\000o\000r\000k\0002\000/\000t\000r\000u\000n\000k\000/\000s\000r\000c\000/\000r\000e\000n\000o\000r\000m\000a\000l\000i\000z\000e\000D\000M\000.\000f\0009\0000\000\040\000F\000i\000l\000e\000\040\000R\000e\000f\000e\000r\000e\000n\000c\000e}{chapter.6}
\BOOKMARK [2][-]{subsection.6.27.1}{\376\377\000F\000u\000n\000c\000t\000i\000o\000n\000\040\000D\000o\000c\000u\000m\000e\000n\000t\000a\000t\000i\000o\000n}{section.6.27}
\BOOKMARK [3][-]{subsubsection.6.27.1.1}{\376\377\000r\000e\000n\000o\000r\000m\000a\000l\000i\000z\000e\000D\000M}{subsection.6.27.1}
\BOOKMARK [1][-]{section.6.28}{\376\377\000/\000h\000o\000m\000e\000/\000b\000o\000b\000/\000p\000r\000o\000j\000/\000D\000E\000M\000A\000G\000O\000Q\000U\000E\000/\000w\000o\000r\000k\0002\000/\000t\000r\000u\000n\000k\000/\000s\000r\000c\000/\000s\000k\000y\000r\000m\000e\000\137\000p\000a\000r\000a\000m\000s\000.\000f\0009\0000\000\040\000F\000i\000l\000e\000\040\000R\000e\000f\000e\000r\000e\000n\000c\000e}{chapter.6}
\BOOKMARK [1][-]{section.6.29}{\376\377\000/\000h\000o\000m\000e\000/\000b\000o\000b\000/\000p\000r\000o\000j\000/\000D\000E\000M\000A\000G\000O\000Q\000U\000E\000/\000w\000o\000r\000k\0002\000/\000t\000r\000u\000n\000k\000/\000s\000r\000c\000/\000t\000e\000s\000t\000-\000d\000m\000.\000f\0009\0000\000\040\000F\000i\000l\000e\000\040\000R\000e\000f\000e\000r\000e\000n\000c\000e}{chapter.6}
\BOOKMARK [2][-]{subsection.6.29.1}{\376\377\000F\000u\000n\000c\000t\000i\000o\000n\000\040\000D\000o\000c\000u\000m\000e\000n\000t\000a\000t\000i\000o\000n}{section.6.29}
\BOOKMARK [3][-]{subsubsection.6.29.1.1}{\376\377\000g\000e\000t\000S\000t\000d\000I\000n}{subsection.6.29.1}
\BOOKMARK [3][-]{subsubsection.6.29.1.2}{\376\377\000t\000e\000s\000t\000d\000m}{subsection.6.29.1}
\BOOKMARK [1][-]{section.6.30}{\376\377\000/\000h\000o\000m\000e\000/\000b\000o\000b\000/\000p\000r\000o\000j\000/\000D\000E\000M\000A\000G\000O\000Q\000U\000E\000/\000w\000o\000r\000k\0002\000/\000t\000r\000u\000n\000k\000/\000s\000r\000c\000/\000t\000e\000s\000t\000b\000m\000a\000t\000h\000.\000f\0009\0000\000\040\000F\000i\000l\000e\000\040\000R\000e\000f\000e\000r\000e\000n\000c\000e}{chapter.6}
\BOOKMARK [2][-]{subsection.6.30.1}{\376\377\000F\000u\000n\000c\000t\000i\000o\000n\000\040\000D\000o\000c\000u\000m\000e\000n\000t\000a\000t\000i\000o\000n}{section.6.30}
\BOOKMARK [3][-]{subsubsection.6.30.1.1}{\376\377\000t\000e\000s\000t\000b\000m\000a\000t\000h}{subsection.6.30.1}
\BOOKMARK [1][-]{section.6.31}{\376\377\000/\000h\000o\000m\000e\000/\000b\000o\000b\000/\000p\000r\000o\000j\000/\000D\000E\000M\000A\000G\000O\000Q\000U\000E\000/\000w\000o\000r\000k\0002\000/\000t\000r\000u\000n\000k\000/\000s\000r\000c\000/\000t\000e\000s\000t\000f\000f\000t\000.\000f\0009\0000\000\040\000F\000i\000l\000e\000\040\000R\000e\000f\000e\000r\000e\000n\000c\000e}{chapter.6}
\BOOKMARK [2][-]{subsection.6.31.1}{\376\377\000F\000u\000n\000c\000t\000i\000o\000n\000\040\000D\000o\000c\000u\000m\000e\000n\000t\000a\000t\000i\000o\000n}{section.6.31}
\BOOKMARK [3][-]{subsubsection.6.31.1.1}{\376\377\000t\000e\000s\000t\000f\000f\000t}{subsection.6.31.1}
\BOOKMARK [1][-]{section.6.32}{\376\377\000/\000h\000o\000m\000e\000/\000b\000o\000b\000/\000p\000r\000o\000j\000/\000D\000E\000M\000A\000G\000O\000Q\000U\000E\000/\000w\000o\000r\000k\0002\000/\000t\000r\000u\000n\000k\000/\000s\000r\000c\000/\000t\000e\000s\000t\000f\000f\000t\0001\000d\000.\000f\0009\0000\000\040\000F\000i\000l\000e\000\040\000R\000e\000f\000e\000r\000e\000n\000c\000e}{chapter.6}
\BOOKMARK [2][-]{subsection.6.32.1}{\376\377\000F\000u\000n\000c\000t\000i\000o\000n\000\040\000D\000o\000c\000u\000m\000e\000n\000t\000a\000t\000i\000o\000n}{section.6.32}
\BOOKMARK [3][-]{subsubsection.6.32.1.1}{\376\377\000f\000t\000\137\000z\0002\000z\000\137\0001\000d\000\137\000n\000a\000i\000v\000e}{subsection.6.32.1}
\BOOKMARK [3][-]{subsubsection.6.32.1.2}{\376\377\000t\000e\000s\000t\000f\000f\000t\0001\000d}{subsection.6.32.1}
\BOOKMARK [1][-]{section.6.33}{\376\377\000/\000h\000o\000m\000e\000/\000b\000o\000b\000/\000p\000r\000o\000j\000/\000D\000E\000M\000A\000G\000O\000Q\000U\000E\000/\000w\000o\000r\000k\0002\000/\000t\000r\000u\000n\000k\000/\000s\000r\000c\000/\000t\000e\000s\000t\000i\000n\000t\000.\000f\0009\0000\000\040\000F\000i\000l\000e\000\040\000R\000e\000f\000e\000r\000e\000n\000c\000e}{chapter.6}
\BOOKMARK [2][-]{subsection.6.33.1}{\376\377\000F\000u\000n\000c\000t\000i\000o\000n\000\040\000D\000o\000c\000u\000m\000e\000n\000t\000a\000t\000i\000o\000n}{section.6.33}
\BOOKMARK [3][-]{subsubsection.6.33.1.1}{\376\377\000t\000e\000s\000t\000i\000n\000t}{subsection.6.33.1}
\BOOKMARK [1][-]{section.6.34}{\376\377\000/\000h\000o\000m\000e\000/\000b\000o\000b\000/\000p\000r\000o\000j\000/\000D\000E\000M\000A\000G\000O\000Q\000U\000E\000/\000w\000o\000r\000k\0002\000/\000t\000r\000u\000n\000k\000/\000s\000r\000c\000/\000t\000e\000s\000t\000p\000r\000o\000g\000.\000f\0009\0000\000\040\000F\000i\000l\000e\000\040\000R\000e\000f\000e\000r\000e\000n\000c\000e}{chapter.6}
\BOOKMARK [2][-]{subsection.6.34.1}{\376\377\000F\000u\000n\000c\000t\000i\000o\000n\000\040\000D\000o\000c\000u\000m\000e\000n\000t\000a\000t\000i\000o\000n}{section.6.34}
\BOOKMARK [3][-]{subsubsection.6.34.1.1}{\376\377\000t\000e\000s\000t\000p\000r\000o\000g}{subsection.6.34.1}
\BOOKMARK [1][-]{section.6.35}{\376\377\000/\000h\000o\000m\000e\000/\000b\000o\000b\000/\000p\000r\000o\000j\000/\000D\000E\000M\000A\000G\000O\000Q\000U\000E\000/\000w\000o\000r\000k\0002\000/\000t\000r\000u\000n\000k\000/\000s\000r\000c\000/\000t\000i\000m\000e\000.\000f\0009\0000\000\040\000F\000i\000l\000e\000\040\000R\000e\000f\000e\000r\000e\000n\000c\000e}{chapter.6}
\BOOKMARK [1][-]{section.6.36}{\376\377\000/\000h\000o\000m\000e\000/\000b\000o\000b\000/\000p\000r\000o\000j\000/\000D\000E\000M\000A\000G\000O\000Q\000U\000E\000/\000w\000o\000r\000k\0002\000/\000t\000r\000u\000n\000k\000/\000s\000r\000c\000/\000t\000i\000m\000e\000\137\000e\000v\000o\000l\000.\000f\0009\0000\000\040\000F\000i\000l\000e\000\040\000R\000e\000f\000e\000r\000e\000n\000c\000e}{chapter.6}
\BOOKMARK [2][-]{subsection.6.36.1}{\376\377\000F\000u\000n\000c\000t\000i\000o\000n\000\040\000D\000o\000c\000u\000m\000e\000n\000t\000a\000t\000i\000o\000n}{section.6.36}
\BOOKMARK [3][-]{subsubsection.6.36.1.1}{\376\377\000c\000a\000l\000c\000P\000o\000t\000D\000i\000a\000g}{subsection.6.36.1}
\BOOKMARK [3][-]{subsubsection.6.36.1.2}{\376\377\000e\000v\000o\000l\000\137\000k}{subsection.6.36.1}
\BOOKMARK [3][-]{subsubsection.6.36.1.3}{\376\377\000e\000v\000o\000l\000\137\000x}{subsection.6.36.1}
\BOOKMARK [3][-]{subsubsection.6.36.1.4}{\376\377\000g\000e\000t\000I\000m\000C\000u\000t\000o\000f\000f}{subsection.6.36.1}
\BOOKMARK [3][-]{subsubsection.6.36.1.5}{\376\377\000g\000e\000t\000P\000o\000t\000X}{subsection.6.36.1}
\BOOKMARK [3][-]{subsubsection.6.36.1.6}{\376\377\000g\000e\000t\000W\000e\000i\000g\000h\000t}{subsection.6.36.1}
\BOOKMARK [3][-]{subsubsection.6.36.1.7}{\376\377\000m\000a\000k\000e\000M\000o\000m\000e\000n\000t\000u\000m\000H\000e\000r\000m\000i\000t\000i\000a\000n}{subsection.6.36.1}
\BOOKMARK [3][-]{subsubsection.6.36.1.8}{\376\377\000m\000a\000k\000e\000S\000p\000a\000c\000e\000H\000e\000r\000m\000i\000t\000i\000a\000n}{subsection.6.36.1}
\BOOKMARK [3][-]{subsubsection.6.36.1.9}{\376\377\000p\000o\000t\000H\000O}{subsection.6.36.1}
\BOOKMARK [3][-]{subsubsection.6.36.1.10}{\376\377\000p\000o\000t\000H\000O\000e\000x\000a\000c\000t}{subsection.6.36.1}
\BOOKMARK [3][-]{subsubsection.6.36.1.11}{\376\377\000p\000o\000t\000H\000O\000m\000f}{subsection.6.36.1}
\BOOKMARK [3][-]{subsubsection.6.36.1.12}{\376\377\000p\000o\000t\000S\000k\000y\000r\000m\000e}{subsection.6.36.1}
\BOOKMARK [3][-]{subsubsection.6.36.1.13}{\376\377\000s\000k\000y\000C\000o\000n\000t\000a\000c\000t}{subsection.6.36.1}
\BOOKMARK [3][-]{subsubsection.6.36.1.14}{\376\377\000t\000i\000m\000e\000\137\000e\000v\000o\000l\000u\000t\000i\000o\000n}{subsection.6.36.1}
\BOOKMARK [1][-]{section.6.37}{\376\377\000/\000h\000o\000m\000e\000/\000b\000o\000b\000/\000p\000r\000o\000j\000/\000D\000E\000M\000A\000G\000O\000Q\000U\000E\000/\000w\000o\000r\000k\0002\000/\000t\000r\000u\000n\000k\000/\000s\000r\000c\000/\000w\000f\000n\000h\000o\000.\000f\0009\0000\000\040\000F\000i\000l\000e\000\040\000R\000e\000f\000e\000r\000e\000n\000c\000e}{chapter.6}
\BOOKMARK [2][-]{subsection.6.37.1}{\376\377\000F\000u\000n\000c\000t\000i\000o\000n\000\040\000D\000o\000c\000u\000m\000e\000n\000t\000a\000t\000i\000o\000n}{section.6.37}
\BOOKMARK [3][-]{subsubsection.6.37.1.1}{\376\377\000H\000n}{subsection.6.37.1}
\BOOKMARK [3][-]{subsubsection.6.37.1.2}{\376\377\000w\000f\000n\000h\000o}{subsection.6.37.1}
